[0m19:40:54.810317 [debug] [MainThread]: Sending event: {'category': 'dbt', 'action': 'invocation', 'label': 'start', 'context': [<snowplow_tracker.self_describing_json.SelfDescribingJson object at 0x00000274FFB6B620>, <snowplow_tracker.self_describing_json.SelfDescribingJson object at 0x00000274FEBB1D10>, <snowplow_tracker.self_describing_json.SelfDescribingJson object at 0x00000274818D5F90>]}


============================== 19:40:54.850957 | b648f969-279a-46e8-854a-a1e708745fd2 ==============================
[0m19:40:54.850957 [info ] [MainThread]: Running with dbt=1.9.3
[0m19:40:54.853113 [debug] [MainThread]: running dbt with arguments {'printer_width': '80', 'indirect_selection': 'eager', 'write_json': 'True', 'log_cache_events': 'False', 'partial_parse': 'True', 'cache_selected_only': 'False', 'profiles_dir': 'C:\\Users\\ffarooq\\.dbt', 'debug': 'False', 'fail_fast': 'False', 'log_path': 'logs', 'version_check': 'True', 'warn_error': 'None', 'use_colors': 'True', 'use_experimental_parser': 'False', 'no_print': 'None', 'quiet': 'False', 'empty': 'None', 'log_format': 'default', 'invocation_command': 'dbt init', 'introspect': 'True', 'warn_error_options': 'WarnErrorOptions(include=[], exclude=[])', 'target_path': 'None', 'static_parser': 'True', 'send_anonymous_usage_stats': 'True'}
[0m19:40:54.873814 [warn ] [MainThread]: [ConfigFolderDirectory]: Unable to parse logging event dictionary. Failed to parse dir field: expected string or bytes-like object, got 'WindowsPath'.. Dictionary: {'dir': WindowsPath('C:/Users/ffarooq/.dbt')}
[0m19:40:54.874753 [info ] [MainThread]: Creating dbt configuration folder at 
[0m19:41:34.124697 [debug] [MainThread]: Starter project path: C:\Users\ffarooq\repos\rts-interview\dbt-env\Lib\site-packages\dbt\include\starter_project
[0m19:41:34.190979 [info ] [MainThread]: 
Your new dbt project "dbt_prj_rts_interview" was created!

For more information on how to configure the profiles.yml file,
please consult the dbt documentation here:

  https://docs.getdbt.com/docs/configure-your-profile

One more thing:

Need help? Don't hesitate to reach out to us via GitHub issues or on Slack:

  https://community.getdbt.com/

Happy modeling!

[0m19:41:34.193139 [info ] [MainThread]: Setting up your profile.
[0m19:51:10.955120 [info ] [MainThread]: Profile dbt_prj_rts_interview written to C:\Users\ffarooq\.dbt\profiles.yml using target's profile_template.yml and your supplied values. Run 'dbt debug' to validate the connection.
[0m19:51:10.957638 [debug] [MainThread]: Command `dbt init` succeeded at 19:51:10.957097 after 616.29 seconds
[0m19:51:10.958741 [debug] [MainThread]: Sending event: {'category': 'dbt', 'action': 'invocation', 'label': 'end', 'context': [<snowplow_tracker.self_describing_json.SelfDescribingJson object at 0x000002749C28F490>, <snowplow_tracker.self_describing_json.SelfDescribingJson object at 0x0000027481E64B90>, <snowplow_tracker.self_describing_json.SelfDescribingJson object at 0x000002749C215AE0>]}
[0m19:51:10.959968 [debug] [MainThread]: Flushing usage events
[0m19:51:11.074129 [debug] [MainThread]: An error was encountered while trying to flush usage events
[0m19:54:09.758741 [debug] [MainThread]: Sending event: {'category': 'dbt', 'action': 'invocation', 'label': 'start', 'context': [<snowplow_tracker.self_describing_json.SelfDescribingJson object at 0x0000023A53522BA0>, <snowplow_tracker.self_describing_json.SelfDescribingJson object at 0x0000023A51559A90>, <snowplow_tracker.self_describing_json.SelfDescribingJson object at 0x0000023A541F9810>]}


============================== 19:54:09.762058 | ba20bc91-d9e5-412e-8f47-2d52300c6439 ==============================
[0m19:54:09.762058 [info ] [MainThread]: Running with dbt=1.9.3
[0m19:54:09.762692 [debug] [MainThread]: running dbt with arguments {'printer_width': '80', 'indirect_selection': 'eager', 'write_json': 'True', 'log_cache_events': 'False', 'partial_parse': 'True', 'cache_selected_only': 'False', 'warn_error': 'None', 'fail_fast': 'False', 'version_check': 'True', 'log_path': 'logs', 'debug': 'False', 'profiles_dir': 'C:\\Users\\ffarooq\\.dbt', 'use_colors': 'True', 'use_experimental_parser': 'False', 'no_print': 'None', 'quiet': 'False', 'empty': 'None', 'log_format': 'default', 'introspect': 'True', 'invocation_command': 'dbt debug', 'static_parser': 'True', 'target_path': 'None', 'warn_error_options': 'WarnErrorOptions(include=[], exclude=[])', 'send_anonymous_usage_stats': 'True'}
[0m19:54:09.780654 [info ] [MainThread]: dbt version: 1.9.3
[0m19:54:09.781015 [info ] [MainThread]: python version: 3.13.2
[0m19:54:09.781532 [info ] [MainThread]: python path: C:\Users\ffarooq\repos\rts-interview\dbt-env\Scripts\python.exe
[0m19:54:09.781988 [info ] [MainThread]: os info: Windows-11-10.0.26100-SP0
[0m19:54:10.650305 [info ] [MainThread]: Using profiles dir at C:\Users\ffarooq\.dbt
[0m19:54:10.651191 [info ] [MainThread]: Using profiles.yml file at C:\Users\ffarooq\.dbt\profiles.yml
[0m19:54:10.651824 [info ] [MainThread]: Using dbt_project.yml file at C:\Users\ffarooq\repos\rts-interview\dbt_project.yml
[0m19:54:10.652292 [info ] [MainThread]: adapter type: bigquery
[0m19:54:10.652768 [info ] [MainThread]: adapter version: 1.9.1
[0m19:54:10.653442 [info ] [MainThread]: Configuration:
[0m19:54:10.653945 [info ] [MainThread]:   profiles.yml file [[32mOK found and valid[0m]
[0m19:54:10.654376 [info ] [MainThread]:   dbt_project.yml file [[31mERROR not found[0m]
[0m19:54:10.654750 [info ] [MainThread]: Required dependencies:
[0m19:54:10.655104 [debug] [MainThread]: Executing "git --help"
[0m19:54:10.714556 [debug] [MainThread]: STDOUT: "b"usage: git [-v | --version] [-h | --help] [-C <path>] [-c <name>=<value>]\n           [--exec-path[=<path>]] [--html-path] [--man-path] [--info-path]\n           [-p | --paginate | -P | --no-pager] [--no-replace-objects] [--no-lazy-fetch]\n           [--no-optional-locks] [--no-advice] [--bare] [--git-dir=<path>]\n           [--work-tree=<path>] [--namespace=<name>] [--config-env=<name>=<envvar>]\n           <command> [<args>]\n\nThese are common Git commands used in various situations:\n\nstart a working area (see also: git help tutorial)\n   clone      Clone a repository into a new directory\n   init       Create an empty Git repository or reinitialize an existing one\n\nwork on the current change (see also: git help everyday)\n   add        Add file contents to the index\n   mv         Move or rename a file, a directory, or a symlink\n   restore    Restore working tree files\n   rm         Remove files from the working tree and from the index\n\nexamine the history and state (see also: git help revisions)\n   bisect     Use binary search to find the commit that introduced a bug\n   diff       Show changes between commits, commit and working tree, etc\n   grep       Print lines matching a pattern\n   log        Show commit logs\n   show       Show various types of objects\n   status     Show the working tree status\n\ngrow, mark and tweak your common history\n   backfill   Download missing objects in a partial clone\n   branch     List, create, or delete branches\n   commit     Record changes to the repository\n   merge      Join two or more development histories together\n   rebase     Reapply commits on top of another base tip\n   reset      Reset current HEAD to the specified state\n   switch     Switch branches\n   tag        Create, list, delete or verify a tag object signed with GPG\n\ncollaborate (see also: git help workflows)\n   fetch      Download objects and refs from another repository\n   pull       Fetch from and integrate with another repository or a local branch\n   push       Update remote refs along with associated objects\n\n'git help -a' and 'git help -g' list available subcommands and some\nconcept guides. See 'git help <command>' or 'git help <concept>'\nto read about a specific subcommand or concept.\nSee 'git help git' for an overview of the system.\n""
[0m19:54:10.715427 [debug] [MainThread]: STDERR: "b''"
[0m19:54:10.715968 [info ] [MainThread]:  - git [[32mOK found[0m]

[0m19:54:10.716930 [info ] [MainThread]: Connection:
[0m19:54:10.717921 [info ] [MainThread]:   method: service-account
[0m19:54:10.718561 [info ] [MainThread]:   database: prj-faiqabahra-rts-interview
[0m19:54:10.719187 [info ] [MainThread]:   execution_project: prj-faiqabahra-rts-interview
[0m19:54:10.719866 [info ] [MainThread]:   schema: dts_rts_interview
[0m19:54:10.720325 [info ] [MainThread]:   location: EU
[0m19:54:10.720662 [info ] [MainThread]:   priority: interactive
[0m19:54:10.720977 [info ] [MainThread]:   maximum_bytes_billed: None
[0m19:54:10.721278 [info ] [MainThread]:   impersonate_service_account: None
[0m19:54:10.721716 [info ] [MainThread]:   job_retry_deadline_seconds: None
[0m19:54:10.722066 [info ] [MainThread]:   job_retries: 1
[0m19:54:10.722405 [info ] [MainThread]:   job_creation_timeout_seconds: None
[0m19:54:10.722722 [info ] [MainThread]:   job_execution_timeout_seconds: 300
[0m19:54:10.723025 [info ] [MainThread]:   timeout_seconds: 300
[0m19:54:10.723567 [info ] [MainThread]:   client_id: None
[0m19:54:10.724206 [info ] [MainThread]:   token_uri: None
[0m19:54:10.725481 [info ] [MainThread]:   dataproc_region: None
[0m19:54:10.727091 [info ] [MainThread]:   dataproc_cluster_name: None
[0m19:54:10.728903 [info ] [MainThread]:   gcs_bucket: None
[0m19:54:10.729920 [info ] [MainThread]:   dataproc_batch: None
[0m19:54:10.731065 [info ] [MainThread]: Registered adapter: bigquery=1.9.1
[0m19:54:10.996398 [debug] [MainThread]: Acquiring new bigquery connection 'debug'
[0m19:54:10.996719 [debug] [MainThread]: On debug: select 1 as id
[0m19:54:10.996938 [debug] [MainThread]: Opening a new connection, currently in state init
[0m19:54:14.686279 [debug] [MainThread]: BigQuery adapter: https://console.cloud.google.com/bigquery?project=prj-faiqabahra-rts-interview&j=bq:EU:41918aa4-12ca-46b7-bef7-db135e242b4d&page=queryresults
[0m19:54:21.811289 [info ] [MainThread]:   Connection test: [[32mOK connection ok[0m]

[0m19:54:21.812634 [info ] [MainThread]: [31m1 check failed:[0m
[0m19:54:21.813099 [info ] [MainThread]: Project loading failed for the following reason:
 project path <C:\Users\ffarooq\repos\rts-interview\dbt_project.yml> not found

[0m19:54:21.814293 [debug] [MainThread]: Command `dbt debug` failed at 19:54:21.814168 after 12.25 seconds
[0m19:54:21.814566 [debug] [MainThread]: Connection 'debug' was properly closed.
[0m19:54:21.814819 [debug] [MainThread]: Sending event: {'category': 'dbt', 'action': 'invocation', 'label': 'end', 'context': [<snowplow_tracker.self_describing_json.SelfDescribingJson object at 0x0000023A6EB016E0>, <snowplow_tracker.self_describing_json.SelfDescribingJson object at 0x0000023A6EAEED50>, <snowplow_tracker.self_describing_json.SelfDescribingJson object at 0x0000023A6E9C3790>]}
[0m19:54:21.815081 [debug] [MainThread]: Flushing usage events
[0m19:54:21.899269 [debug] [MainThread]: An error was encountered while trying to flush usage events
